{"E:\\ENTREPRISES\\MEDIABOX\\NEW_TECHNOLOGIES\\JEST\\current-jest-project\\src\\pages\\Users\\Users.jsx": {"path":"E:\\ENTREPRISES\\MEDIABOX\\NEW_TECHNOLOGIES\\JEST\\current-jest-project\\src\\pages\\Users\\Users.jsx","statementMap":{"0":{"start":{"line":12,"column":14},"end":{"line":153,"column":1}},"1":{"start":{"line":13,"column":32},"end":{"line":13,"column":44}},"2":{"start":{"line":14,"column":42},"end":{"line":14,"column":57}},"3":{"start":{"line":15,"column":40},"end":{"line":15,"column":55}},"4":{"start":{"line":16,"column":42},"end":{"line":16,"column":57}},"5":{"start":{"line":17,"column":46},"end":{"line":17,"column":60}},"6":{"start":{"line":19,"column":2},"end":{"line":21,"column":9}},"7":{"start":{"line":20,"column":4},"end":{"line":20,"column":18}},"8":{"start":{"line":23,"column":22},"end":{"line":32,"column":3}},"9":{"start":{"line":24,"column":4},"end":{"line":31,"column":5}},"10":{"start":{"line":25,"column":23},"end":{"line":25,"column":69}},"11":{"start":{"line":26,"column":6},"end":{"line":28,"column":7}},"12":{"start":{"line":27,"column":8},"end":{"line":27,"column":36}},"13":{"start":{"line":30,"column":6},"end":{"line":30,"column":21}},"14":{"start":{"line":34,"column":26},"end":{"line":63,"column":3}},"15":{"start":{"line":35,"column":4},"end":{"line":62,"column":6}},"16":{"start":{"line":40,"column":12},"end":{"line":40,"column":42}},"17":{"start":{"line":41,"column":12},"end":{"line":41,"column":34}},"18":{"start":{"line":49,"column":12},"end":{"line":49,"column":42}},"19":{"start":{"line":50,"column":12},"end":{"line":50,"column":34}},"20":{"start":{"line":57,"column":25},"end":{"line":57,"column":54}},"21":{"start":{"line":65,"column":28},"end":{"line":72,"column":3}},"22":{"start":{"line":66,"column":4},"end":{"line":71,"column":7}},"23":{"start":{"line":70,"column":20},"end":{"line":70,"column":38}},"24":{"start":{"line":74,"column":21},"end":{"line":85,"column":3}},"25":{"start":{"line":75,"column":4},"end":{"line":84,"column":5}},"26":{"start":{"line":76,"column":23},"end":{"line":78,"column":7}},"27":{"start":{"line":79,"column":6},"end":{"line":81,"column":7}},"28":{"start":{"line":80,"column":8},"end":{"line":80,"column":22}},"29":{"start":{"line":83,"column":6},"end":{"line":83,"column":21}},"30":{"start":{"line":87,"column":2},"end":{"line":152,"column":4}},"31":{"start":{"line":97,"column":29},"end":{"line":97,"column":49}},"32":{"start":{"line":116,"column":22},"end":{"line":116,"column":44}},"33":{"start":{"line":125,"column":22},"end":{"line":125,"column":43}},"34":{"start":{"line":129,"column":12},"end":{"line":129,"column":34}},"35":{"start":{"line":130,"column":12},"end":{"line":130,"column":26}},"36":{"start":{"line":139,"column":22},"end":{"line":139,"column":44}},"37":{"start":{"line":144,"column":12},"end":{"line":144,"column":35}},"38":{"start":{"line":145,"column":12},"end":{"line":145,"column":26}}},"fnMap":{"0":{"name":"(anonymous_0)","decl":{"start":{"line":12,"column":14},"end":{"line":12,"column":15}},"loc":{"start":{"line":12,"column":20},"end":{"line":153,"column":1}},"line":12},"1":{"name":"(anonymous_1)","decl":{"start":{"line":19,"column":12},"end":{"line":19,"column":13}},"loc":{"start":{"line":19,"column":18},"end":{"line":21,"column":3}},"line":19},"2":{"name":"(anonymous_2)","decl":{"start":{"line":23,"column":22},"end":{"line":23,"column":23}},"loc":{"start":{"line":23,"column":34},"end":{"line":32,"column":3}},"line":23},"3":{"name":"(anonymous_3)","decl":{"start":{"line":34,"column":26},"end":{"line":34,"column":27}},"loc":{"start":{"line":34,"column":39},"end":{"line":63,"column":3}},"line":34},"4":{"name":"(anonymous_4)","decl":{"start":{"line":39,"column":19},"end":{"line":39,"column":20}},"loc":{"start":{"line":39,"column":25},"end":{"line":42,"column":11}},"line":39},"5":{"name":"(anonymous_5)","decl":{"start":{"line":48,"column":19},"end":{"line":48,"column":20}},"loc":{"start":{"line":48,"column":25},"end":{"line":51,"column":11}},"line":48},"6":{"name":"(anonymous_6)","decl":{"start":{"line":57,"column":19},"end":{"line":57,"column":20}},"loc":{"start":{"line":57,"column":25},"end":{"line":57,"column":54}},"line":57},"7":{"name":"(anonymous_7)","decl":{"start":{"line":65,"column":28},"end":{"line":65,"column":29}},"loc":{"start":{"line":65,"column":40},"end":{"line":72,"column":3}},"line":65},"8":{"name":"(anonymous_8)","decl":{"start":{"line":70,"column":14},"end":{"line":70,"column":15}},"loc":{"start":{"line":70,"column":20},"end":{"line":70,"column":38}},"line":70},"9":{"name":"(anonymous_9)","decl":{"start":{"line":74,"column":21},"end":{"line":74,"column":22}},"loc":{"start":{"line":74,"column":39},"end":{"line":85,"column":3}},"line":74},"10":{"name":"(anonymous_10)","decl":{"start":{"line":97,"column":23},"end":{"line":97,"column":24}},"loc":{"start":{"line":97,"column":29},"end":{"line":97,"column":49}},"line":97},"11":{"name":"(anonymous_11)","decl":{"start":{"line":116,"column":16},"end":{"line":116,"column":17}},"loc":{"start":{"line":116,"column":22},"end":{"line":116,"column":44}},"line":116},"12":{"name":"(anonymous_12)","decl":{"start":{"line":125,"column":16},"end":{"line":125,"column":17}},"loc":{"start":{"line":125,"column":22},"end":{"line":125,"column":43}},"line":125},"13":{"name":"(anonymous_13)","decl":{"start":{"line":128,"column":24},"end":{"line":128,"column":25}},"loc":{"start":{"line":128,"column":30},"end":{"line":131,"column":11}},"line":128},"14":{"name":"(anonymous_14)","decl":{"start":{"line":139,"column":16},"end":{"line":139,"column":17}},"loc":{"start":{"line":139,"column":22},"end":{"line":139,"column":44}},"line":139},"15":{"name":"(anonymous_15)","decl":{"start":{"line":143,"column":25},"end":{"line":143,"column":26}},"loc":{"start":{"line":143,"column":31},"end":{"line":146,"column":11}},"line":143}},"branchMap":{"0":{"loc":{"start":{"line":26,"column":6},"end":{"line":28,"column":7}},"type":"if","locations":[{"start":{"line":26,"column":6},"end":{"line":28,"column":7}},{"start":{},"end":{}}],"line":26},"1":{"loc":{"start":{"line":79,"column":6},"end":{"line":81,"column":7}},"type":"if","locations":[{"start":{"line":79,"column":6},"end":{"line":81,"column":7}},{"start":{},"end":{}}],"line":79}},"s":{"0":1,"1":5,"2":5,"3":5,"4":5,"5":5,"6":5,"7":2,"8":5,"9":2,"10":2,"11":2,"12":2,"13":0,"14":5,"15":4,"16":0,"17":0,"18":0,"19":0,"20":0,"21":5,"22":0,"23":0,"24":5,"25":0,"26":0,"27":0,"28":0,"29":0,"30":5,"31":1,"32":0,"33":0,"34":0,"35":0,"36":0,"37":0,"38":0},"f":{"0":5,"1":2,"2":2,"3":4,"4":0,"5":0,"6":0,"7":0,"8":0,"9":0,"10":1,"11":0,"12":0,"13":0,"14":0,"15":0},"b":{"0":[2,0],"1":[0,0]},"_coverageSchema":"1a1c01bbd47fc00a2c39e90264f33305004495a9","hash":"99a2a2d951dbe223903b594425801f23c66f7872"}
,"E:\\ENTREPRISES\\MEDIABOX\\NEW_TECHNOLOGIES\\JEST\\current-jest-project\\src\\pages\\Users\\_addUser.jsx": {"path":"E:\\ENTREPRISES\\MEDIABOX\\NEW_TECHNOLOGIES\\JEST\\current-jest-project\\src\\pages\\Users\\_addUser.jsx","statementMap":{"0":{"start":{"line":4,"column":24},"end":{"line":21,"column":1}},"1":{"start":{"line":24,"column":34},"end":{"line":24,"column":59}},"2":{"start":{"line":26,"column":2},"end":{"line":26,"column":26}},"3":{"start":{"line":28,"column":21},"end":{"line":40,"column":3}},"4":{"start":{"line":29,"column":4},"end":{"line":39,"column":5}},"5":{"start":{"line":30,"column":23},"end":{"line":33,"column":7}},"6":{"start":{"line":34,"column":6},"end":{"line":36,"column":7}},"7":{"start":{"line":35,"column":8},"end":{"line":35,"column":29}},"8":{"start":{"line":38,"column":6},"end":{"line":38,"column":21}},"9":{"start":{"line":42,"column":2},"end":{"line":276,"column":4}},"10":{"start":{"line":56,"column":18},"end":{"line":56,"column":68}},"11":{"start":{"line":70,"column":18},"end":{"line":70,"column":72}},"12":{"start":{"line":84,"column":18},"end":{"line":84,"column":69}},"13":{"start":{"line":98,"column":18},"end":{"line":98,"column":69}},"14":{"start":{"line":112,"column":18},"end":{"line":112,"column":71}},"15":{"start":{"line":132,"column":18},"end":{"line":138,"column":20}},"16":{"start":{"line":152,"column":18},"end":{"line":158,"column":20}},"17":{"start":{"line":172,"column":18},"end":{"line":178,"column":20}},"18":{"start":{"line":192,"column":18},"end":{"line":198,"column":20}},"19":{"start":{"line":218,"column":18},"end":{"line":224,"column":20}},"20":{"start":{"line":238,"column":18},"end":{"line":244,"column":20}},"21":{"start":{"line":258,"column":18},"end":{"line":264,"column":20}},"22":{"start":{"line":272,"column":57},"end":{"line":272,"column":69}}},"fnMap":{"0":{"name":"AddUser","decl":{"start":{"line":23,"column":9},"end":{"line":23,"column":16}},"loc":{"start":{"line":23,"column":24},"end":{"line":277,"column":1}},"line":23},"1":{"name":"(anonymous_1)","decl":{"start":{"line":26,"column":12},"end":{"line":26,"column":13}},"loc":{"start":{"line":26,"column":18},"end":{"line":26,"column":20}},"line":26},"2":{"name":"(anonymous_2)","decl":{"start":{"line":28,"column":21},"end":{"line":28,"column":22}},"loc":{"start":{"line":28,"column":33},"end":{"line":40,"column":3}},"line":28},"3":{"name":"(anonymous_3)","decl":{"start":{"line":55,"column":26},"end":{"line":55,"column":27}},"loc":{"start":{"line":56,"column":18},"end":{"line":56,"column":68}},"line":56},"4":{"name":"(anonymous_4)","decl":{"start":{"line":69,"column":26},"end":{"line":69,"column":27}},"loc":{"start":{"line":70,"column":18},"end":{"line":70,"column":72}},"line":70},"5":{"name":"(anonymous_5)","decl":{"start":{"line":83,"column":26},"end":{"line":83,"column":27}},"loc":{"start":{"line":84,"column":18},"end":{"line":84,"column":69}},"line":84},"6":{"name":"(anonymous_6)","decl":{"start":{"line":97,"column":26},"end":{"line":97,"column":27}},"loc":{"start":{"line":98,"column":18},"end":{"line":98,"column":69}},"line":98},"7":{"name":"(anonymous_7)","decl":{"start":{"line":111,"column":26},"end":{"line":111,"column":27}},"loc":{"start":{"line":112,"column":18},"end":{"line":112,"column":71}},"line":112},"8":{"name":"(anonymous_8)","decl":{"start":{"line":131,"column":26},"end":{"line":131,"column":27}},"loc":{"start":{"line":132,"column":18},"end":{"line":138,"column":20}},"line":132},"9":{"name":"(anonymous_9)","decl":{"start":{"line":151,"column":26},"end":{"line":151,"column":27}},"loc":{"start":{"line":152,"column":18},"end":{"line":158,"column":20}},"line":152},"10":{"name":"(anonymous_10)","decl":{"start":{"line":171,"column":26},"end":{"line":171,"column":27}},"loc":{"start":{"line":172,"column":18},"end":{"line":178,"column":20}},"line":172},"11":{"name":"(anonymous_11)","decl":{"start":{"line":191,"column":26},"end":{"line":191,"column":27}},"loc":{"start":{"line":192,"column":18},"end":{"line":198,"column":20}},"line":192},"12":{"name":"(anonymous_12)","decl":{"start":{"line":217,"column":26},"end":{"line":217,"column":27}},"loc":{"start":{"line":218,"column":18},"end":{"line":224,"column":20}},"line":218},"13":{"name":"(anonymous_13)","decl":{"start":{"line":237,"column":26},"end":{"line":237,"column":27}},"loc":{"start":{"line":238,"column":18},"end":{"line":244,"column":20}},"line":238},"14":{"name":"(anonymous_14)","decl":{"start":{"line":257,"column":26},"end":{"line":257,"column":27}},"loc":{"start":{"line":258,"column":18},"end":{"line":264,"column":20}},"line":258},"15":{"name":"(anonymous_15)","decl":{"start":{"line":272,"column":51},"end":{"line":272,"column":52}},"loc":{"start":{"line":272,"column":57},"end":{"line":272,"column":69}},"line":272}},"branchMap":{"0":{"loc":{"start":{"line":34,"column":6},"end":{"line":36,"column":7}},"type":"if","locations":[{"start":{"line":34,"column":6},"end":{"line":36,"column":7}},{"start":{},"end":{}}],"line":34}},"s":{"0":1,"1":2,"2":2,"3":2,"4":0,"5":0,"6":0,"7":0,"8":0,"9":2,"10":0,"11":0,"12":0,"13":0,"14":0,"15":0,"16":0,"17":0,"18":0,"19":0,"20":0,"21":0,"22":0},"f":{"0":2,"1":1,"2":0,"3":0,"4":0,"5":0,"6":0,"7":0,"8":0,"9":0,"10":0,"11":0,"12":0,"13":0,"14":0,"15":0},"b":{"0":[0,0]},"_coverageSchema":"1a1c01bbd47fc00a2c39e90264f33305004495a9","hash":"ff57f4fc343aa3ffe3eef6c51c3163100a02e9ee"}
,"E:\\ENTREPRISES\\MEDIABOX\\NEW_TECHNOLOGIES\\JEST\\current-jest-project\\src\\pages\\Users\\_editUser.jsx": {"path":"E:\\ENTREPRISES\\MEDIABOX\\NEW_TECHNOLOGIES\\JEST\\current-jest-project\\src\\pages\\Users\\_editUser.jsx","statementMap":{"0":{"start":{"line":4,"column":24},"end":{"line":22,"column":1}},"1":{"start":{"line":25,"column":34},"end":{"line":25,"column":59}},"2":{"start":{"line":27,"column":2},"end":{"line":30,"column":9}},"3":{"start":{"line":28,"column":4},"end":{"line":28,"column":51}},"4":{"start":{"line":29,"column":4},"end":{"line":29,"column":20}},"5":{"start":{"line":32,"column":24},"end":{"line":45,"column":3}},"6":{"start":{"line":33,"column":4},"end":{"line":44,"column":5}},"7":{"start":{"line":34,"column":23},"end":{"line":36,"column":7}},"8":{"start":{"line":37,"column":6},"end":{"line":40,"column":7}},"9":{"start":{"line":38,"column":8},"end":{"line":38,"column":30}},"10":{"start":{"line":39,"column":8},"end":{"line":39,"column":35}},"11":{"start":{"line":41,"column":6},"end":{"line":41,"column":13}},"12":{"start":{"line":43,"column":6},"end":{"line":43,"column":21}},"13":{"start":{"line":47,"column":24},"end":{"line":59,"column":3}},"14":{"start":{"line":48,"column":4},"end":{"line":58,"column":5}},"15":{"start":{"line":49,"column":23},"end":{"line":52,"column":7}},"16":{"start":{"line":53,"column":6},"end":{"line":55,"column":7}},"17":{"start":{"line":54,"column":8},"end":{"line":54,"column":30}},"18":{"start":{"line":57,"column":6},"end":{"line":57,"column":21}},"19":{"start":{"line":61,"column":2},"end":{"line":295,"column":4}},"20":{"start":{"line":75,"column":18},"end":{"line":75,"column":68}},"21":{"start":{"line":89,"column":18},"end":{"line":89,"column":72}},"22":{"start":{"line":103,"column":18},"end":{"line":103,"column":69}},"23":{"start":{"line":117,"column":18},"end":{"line":117,"column":69}},"24":{"start":{"line":131,"column":18},"end":{"line":131,"column":71}},"25":{"start":{"line":151,"column":18},"end":{"line":157,"column":20}},"26":{"start":{"line":171,"column":18},"end":{"line":177,"column":20}},"27":{"start":{"line":191,"column":18},"end":{"line":197,"column":20}},"28":{"start":{"line":211,"column":18},"end":{"line":217,"column":20}},"29":{"start":{"line":237,"column":18},"end":{"line":243,"column":20}},"30":{"start":{"line":257,"column":18},"end":{"line":263,"column":20}},"31":{"start":{"line":277,"column":18},"end":{"line":283,"column":20}},"32":{"start":{"line":291,"column":57},"end":{"line":291,"column":72}}},"fnMap":{"0":{"name":"EditUser","decl":{"start":{"line":24,"column":9},"end":{"line":24,"column":17}},"loc":{"start":{"line":24,"column":25},"end":{"line":296,"column":1}},"line":24},"1":{"name":"(anonymous_1)","decl":{"start":{"line":27,"column":12},"end":{"line":27,"column":13}},"loc":{"start":{"line":27,"column":18},"end":{"line":30,"column":3}},"line":27},"2":{"name":"(anonymous_2)","decl":{"start":{"line":32,"column":24},"end":{"line":32,"column":25}},"loc":{"start":{"line":32,"column":36},"end":{"line":45,"column":3}},"line":32},"3":{"name":"(anonymous_3)","decl":{"start":{"line":47,"column":24},"end":{"line":47,"column":25}},"loc":{"start":{"line":47,"column":36},"end":{"line":59,"column":3}},"line":47},"4":{"name":"(anonymous_4)","decl":{"start":{"line":74,"column":26},"end":{"line":74,"column":27}},"loc":{"start":{"line":75,"column":18},"end":{"line":75,"column":68}},"line":75},"5":{"name":"(anonymous_5)","decl":{"start":{"line":88,"column":26},"end":{"line":88,"column":27}},"loc":{"start":{"line":89,"column":18},"end":{"line":89,"column":72}},"line":89},"6":{"name":"(anonymous_6)","decl":{"start":{"line":102,"column":26},"end":{"line":102,"column":27}},"loc":{"start":{"line":103,"column":18},"end":{"line":103,"column":69}},"line":103},"7":{"name":"(anonymous_7)","decl":{"start":{"line":116,"column":26},"end":{"line":116,"column":27}},"loc":{"start":{"line":117,"column":18},"end":{"line":117,"column":69}},"line":117},"8":{"name":"(anonymous_8)","decl":{"start":{"line":130,"column":26},"end":{"line":130,"column":27}},"loc":{"start":{"line":131,"column":18},"end":{"line":131,"column":71}},"line":131},"9":{"name":"(anonymous_9)","decl":{"start":{"line":150,"column":26},"end":{"line":150,"column":27}},"loc":{"start":{"line":151,"column":18},"end":{"line":157,"column":20}},"line":151},"10":{"name":"(anonymous_10)","decl":{"start":{"line":170,"column":26},"end":{"line":170,"column":27}},"loc":{"start":{"line":171,"column":18},"end":{"line":177,"column":20}},"line":171},"11":{"name":"(anonymous_11)","decl":{"start":{"line":190,"column":26},"end":{"line":190,"column":27}},"loc":{"start":{"line":191,"column":18},"end":{"line":197,"column":20}},"line":191},"12":{"name":"(anonymous_12)","decl":{"start":{"line":210,"column":26},"end":{"line":210,"column":27}},"loc":{"start":{"line":211,"column":18},"end":{"line":217,"column":20}},"line":211},"13":{"name":"(anonymous_13)","decl":{"start":{"line":236,"column":26},"end":{"line":236,"column":27}},"loc":{"start":{"line":237,"column":18},"end":{"line":243,"column":20}},"line":237},"14":{"name":"(anonymous_14)","decl":{"start":{"line":256,"column":26},"end":{"line":256,"column":27}},"loc":{"start":{"line":257,"column":18},"end":{"line":263,"column":20}},"line":257},"15":{"name":"(anonymous_15)","decl":{"start":{"line":276,"column":26},"end":{"line":276,"column":27}},"loc":{"start":{"line":277,"column":18},"end":{"line":283,"column":20}},"line":277},"16":{"name":"(anonymous_16)","decl":{"start":{"line":291,"column":51},"end":{"line":291,"column":52}},"loc":{"start":{"line":291,"column":57},"end":{"line":291,"column":72}},"line":291}},"branchMap":{"0":{"loc":{"start":{"line":37,"column":6},"end":{"line":40,"column":7}},"type":"if","locations":[{"start":{"line":37,"column":6},"end":{"line":40,"column":7}},{"start":{},"end":{}}],"line":37},"1":{"loc":{"start":{"line":53,"column":6},"end":{"line":55,"column":7}},"type":"if","locations":[{"start":{"line":53,"column":6},"end":{"line":55,"column":7}},{"start":{},"end":{}}],"line":53}},"s":{"0":1,"1":0,"2":0,"3":0,"4":0,"5":0,"6":0,"7":0,"8":0,"9":0,"10":0,"11":0,"12":0,"13":0,"14":0,"15":0,"16":0,"17":0,"18":0,"19":0,"20":0,"21":0,"22":0,"23":0,"24":0,"25":0,"26":0,"27":0,"28":0,"29":0,"30":0,"31":0,"32":0},"f":{"0":0,"1":0,"2":0,"3":0,"4":0,"5":0,"6":0,"7":0,"8":0,"9":0,"10":0,"11":0,"12":0,"13":0,"14":0,"15":0,"16":0},"b":{"0":[0,0],"1":[0,0]},"_coverageSchema":"1a1c01bbd47fc00a2c39e90264f33305004495a9","hash":"a45a64e6562b0957758da330f38c948468576e07"}
,"E:\\ENTREPRISES\\MEDIABOX\\NEW_TECHNOLOGIES\\JEST\\current-jest-project\\src\\pages\\Users\\_viewUser.jsx": {"path":"E:\\ENTREPRISES\\MEDIABOX\\NEW_TECHNOLOGIES\\JEST\\current-jest-project\\src\\pages\\Users\\_viewUser.jsx","statementMap":{"0":{"start":{"line":4,"column":24},"end":{"line":21,"column":1}},"1":{"start":{"line":24,"column":34},"end":{"line":24,"column":59}},"2":{"start":{"line":26,"column":2},"end":{"line":28,"column":9}},"3":{"start":{"line":27,"column":4},"end":{"line":27,"column":20}},"4":{"start":{"line":30,"column":24},"end":{"line":43,"column":3}},"5":{"start":{"line":31,"column":4},"end":{"line":42,"column":5}},"6":{"start":{"line":32,"column":23},"end":{"line":34,"column":7}},"7":{"start":{"line":35,"column":6},"end":{"line":38,"column":7}},"8":{"start":{"line":36,"column":8},"end":{"line":36,"column":35}},"9":{"start":{"line":37,"column":8},"end":{"line":37,"column":35}},"10":{"start":{"line":39,"column":6},"end":{"line":39,"column":13}},"11":{"start":{"line":41,"column":6},"end":{"line":41,"column":21}},"12":{"start":{"line":45,"column":2},"end":{"line":137,"column":4}}},"fnMap":{"0":{"name":"ViewUser","decl":{"start":{"line":23,"column":9},"end":{"line":23,"column":17}},"loc":{"start":{"line":23,"column":25},"end":{"line":138,"column":1}},"line":23},"1":{"name":"(anonymous_1)","decl":{"start":{"line":26,"column":12},"end":{"line":26,"column":13}},"loc":{"start":{"line":26,"column":18},"end":{"line":28,"column":3}},"line":26},"2":{"name":"(anonymous_2)","decl":{"start":{"line":30,"column":24},"end":{"line":30,"column":25}},"loc":{"start":{"line":30,"column":36},"end":{"line":43,"column":3}},"line":30}},"branchMap":{"0":{"loc":{"start":{"line":35,"column":6},"end":{"line":38,"column":7}},"type":"if","locations":[{"start":{"line":35,"column":6},"end":{"line":38,"column":7}},{"start":{},"end":{}}],"line":35}},"s":{"0":1,"1":0,"2":0,"3":0,"4":0,"5":0,"6":0,"7":0,"8":0,"9":0,"10":0,"11":0,"12":0},"f":{"0":0,"1":0,"2":0},"b":{"0":[0,0]},"_coverageSchema":"1a1c01bbd47fc00a2c39e90264f33305004495a9","hash":"bbf3a81da65dc27936fcb86bb879dae7c568a714"}
,"E:\\ENTREPRISES\\MEDIABOX\\NEW_TECHNOLOGIES\\JEST\\current-jest-project\\src\\pages\\components\\sum.jsx": {"path":"E:\\ENTREPRISES\\MEDIABOX\\NEW_TECHNOLOGIES\\JEST\\current-jest-project\\src\\pages\\components\\sum.jsx","statementMap":{"0":{"start":{"line":1,"column":12},"end":{"line":3,"column":1}},"1":{"start":{"line":2,"column":2},"end":{"line":2,"column":15}}},"fnMap":{"0":{"name":"(anonymous_0)","decl":{"start":{"line":1,"column":12},"end":{"line":1,"column":13}},"loc":{"start":{"line":1,"column":22},"end":{"line":3,"column":1}},"line":1}},"branchMap":{},"s":{"0":1,"1":1},"f":{"0":1},"b":{},"_coverageSchema":"1a1c01bbd47fc00a2c39e90264f33305004495a9","hash":"efdaa6851fad01565b8be3bc8ba7af0e928fae2a"}
,"E:\\ENTREPRISES\\MEDIABOX\\NEW_TECHNOLOGIES\\JEST\\current-jest-project\\src\\utils\\tools.js": {"path":"E:\\ENTREPRISES\\MEDIABOX\\NEW_TECHNOLOGIES\\JEST\\current-jest-project\\src\\utils\\tools.js","statementMap":{"0":{"start":{"line":5,"column":22},"end":{"line":17,"column":1}},"1":{"start":{"line":6,"column":25},"end":{"line":14,"column":3}},"2":{"start":{"line":7,"column":4},"end":{"line":13,"column":15}},"3":{"start":{"line":16,"column":2},"end":{"line":16,"column":24}}},"fnMap":{"0":{"name":"(anonymous_0)","decl":{"start":{"line":5,"column":22},"end":{"line":5,"column":23}},"loc":{"start":{"line":5,"column":42},"end":{"line":17,"column":1}},"line":5},"1":{"name":"(anonymous_1)","decl":{"start":{"line":6,"column":25},"end":{"line":6,"column":26}},"loc":{"start":{"line":7,"column":4},"end":{"line":13,"column":15}},"line":7}},"branchMap":{},"s":{"0":1,"1":0,"2":0,"3":0},"f":{"0":0,"1":0},"b":{},"_coverageSchema":"1a1c01bbd47fc00a2c39e90264f33305004495a9","hash":"b480c79a07de6d3f5c23d125df151c077160ae13"}
}
