TN:
SF:src\pages\Users\Users.jsx
FN:12,(anonymous_0)
FN:19,(anonymous_1)
FN:23,(anonymous_2)
FN:34,(anonymous_3)
FN:39,(anonymous_4)
FN:48,(anonymous_5)
FN:57,(anonymous_6)
FN:65,(anonymous_7)
FN:70,(anonymous_8)
FN:74,(anonymous_9)
FN:97,(anonymous_10)
FN:116,(anonymous_11)
FN:125,(anonymous_12)
FN:128,(anonymous_13)
FN:139,(anonymous_14)
FN:143,(anonymous_15)
FNF:16
FNH:5
FNDA:5,(anonymous_0)
FNDA:2,(anonymous_1)
FNDA:2,(anonymous_2)
FNDA:4,(anonymous_3)
FNDA:0,(anonymous_4)
FNDA:0,(anonymous_5)
FNDA:0,(anonymous_6)
FNDA:0,(anonymous_7)
FNDA:0,(anonymous_8)
FNDA:0,(anonymous_9)
FNDA:1,(anonymous_10)
FNDA:0,(anonymous_11)
FNDA:0,(anonymous_12)
FNDA:0,(anonymous_13)
FNDA:0,(anonymous_14)
FNDA:0,(anonymous_15)
DA:12,1
DA:13,5
DA:14,5
DA:15,5
DA:16,5
DA:17,5
DA:19,5
DA:20,2
DA:23,5
DA:24,2
DA:25,2
DA:26,2
DA:27,2
DA:30,0
DA:34,5
DA:35,4
DA:40,0
DA:41,0
DA:49,0
DA:50,0
DA:57,0
DA:65,5
DA:66,0
DA:70,0
DA:74,5
DA:75,0
DA:76,0
DA:79,0
DA:80,0
DA:83,0
DA:87,5
DA:97,1
DA:116,0
DA:125,0
DA:129,0
DA:130,0
DA:139,0
DA:144,0
DA:145,0
LF:39
LH:19
BRDA:26,0,0,2
BRDA:26,0,1,0
BRDA:79,1,0,0
BRDA:79,1,1,0
BRF:4
BRH:1
end_of_record
TN:
SF:src\pages\Users\_addUser.jsx
FN:23,AddUser
FN:26,(anonymous_1)
FN:28,(anonymous_2)
FN:55,(anonymous_3)
FN:69,(anonymous_4)
FN:83,(anonymous_5)
FN:97,(anonymous_6)
FN:111,(anonymous_7)
FN:131,(anonymous_8)
FN:151,(anonymous_9)
FN:171,(anonymous_10)
FN:191,(anonymous_11)
FN:217,(anonymous_12)
FN:237,(anonymous_13)
FN:257,(anonymous_14)
FN:272,(anonymous_15)
FNF:16
FNH:2
FNDA:2,AddUser
FNDA:1,(anonymous_1)
FNDA:0,(anonymous_2)
FNDA:0,(anonymous_3)
FNDA:0,(anonymous_4)
FNDA:0,(anonymous_5)
FNDA:0,(anonymous_6)
FNDA:0,(anonymous_7)
FNDA:0,(anonymous_8)
FNDA:0,(anonymous_9)
FNDA:0,(anonymous_10)
FNDA:0,(anonymous_11)
FNDA:0,(anonymous_12)
FNDA:0,(anonymous_13)
FNDA:0,(anonymous_14)
FNDA:0,(anonymous_15)
DA:4,1
DA:24,2
DA:26,2
DA:28,2
DA:29,0
DA:30,0
DA:34,0
DA:35,0
DA:38,0
DA:42,2
DA:56,0
DA:70,0
DA:84,0
DA:98,0
DA:112,0
DA:132,0
DA:152,0
DA:172,0
DA:192,0
DA:218,0
DA:238,0
DA:258,0
DA:272,0
LF:23
LH:5
BRDA:34,0,0,0
BRDA:34,0,1,0
BRF:2
BRH:0
end_of_record
TN:
SF:src\pages\Users\_editUser.jsx
FN:24,EditUser
FN:27,(anonymous_1)
FN:32,(anonymous_2)
FN:47,(anonymous_3)
FN:74,(anonymous_4)
FN:88,(anonymous_5)
FN:102,(anonymous_6)
FN:116,(anonymous_7)
FN:130,(anonymous_8)
FN:150,(anonymous_9)
FN:170,(anonymous_10)
FN:190,(anonymous_11)
FN:210,(anonymous_12)
FN:236,(anonymous_13)
FN:256,(anonymous_14)
FN:276,(anonymous_15)
FN:291,(anonymous_16)
FNF:17
FNH:0
FNDA:0,EditUser
FNDA:0,(anonymous_1)
FNDA:0,(anonymous_2)
FNDA:0,(anonymous_3)
FNDA:0,(anonymous_4)
FNDA:0,(anonymous_5)
FNDA:0,(anonymous_6)
FNDA:0,(anonymous_7)
FNDA:0,(anonymous_8)
FNDA:0,(anonymous_9)
FNDA:0,(anonymous_10)
FNDA:0,(anonymous_11)
FNDA:0,(anonymous_12)
FNDA:0,(anonymous_13)
FNDA:0,(anonymous_14)
FNDA:0,(anonymous_15)
FNDA:0,(anonymous_16)
DA:4,1
DA:25,0
DA:27,0
DA:28,0
DA:29,0
DA:32,0
DA:33,0
DA:34,0
DA:37,0
DA:38,0
DA:39,0
DA:41,0
DA:43,0
DA:47,0
DA:48,0
DA:49,0
DA:53,0
DA:54,0
DA:57,0
DA:61,0
DA:75,0
DA:89,0
DA:103,0
DA:117,0
DA:131,0
DA:151,0
DA:171,0
DA:191,0
DA:211,0
DA:237,0
DA:257,0
DA:277,0
DA:291,0
LF:33
LH:1
BRDA:37,0,0,0
BRDA:37,0,1,0
BRDA:53,1,0,0
BRDA:53,1,1,0
BRF:4
BRH:0
end_of_record
TN:
SF:src\pages\Users\_viewUser.jsx
FN:23,ViewUser
FN:26,(anonymous_1)
FN:30,(anonymous_2)
FNF:3
FNH:0
FNDA:0,ViewUser
FNDA:0,(anonymous_1)
FNDA:0,(anonymous_2)
DA:4,1
DA:24,0
DA:26,0
DA:27,0
DA:30,0
DA:31,0
DA:32,0
DA:35,0
DA:36,0
DA:37,0
DA:39,0
DA:41,0
DA:45,0
LF:13
LH:1
BRDA:35,0,0,0
BRDA:35,0,1,0
BRF:2
BRH:0
end_of_record
TN:
SF:src\pages\components\sum.jsx
FN:1,(anonymous_0)
FNF:1
FNH:1
FNDA:1,(anonymous_0)
DA:1,1
DA:2,1
LF:2
LH:2
BRF:0
BRH:0
end_of_record
TN:
SF:src\utils\tools.js
FN:5,(anonymous_0)
FN:6,(anonymous_1)
FNF:2
FNH:0
FNDA:0,(anonymous_0)
FNDA:0,(anonymous_1)
DA:5,1
DA:6,0
DA:7,0
DA:16,0
LF:4
LH:1
BRF:0
BRH:0
end_of_record
